<?xml version="1.0" encoding="UTF-8"?>
<testsuite xmlns:xsi="http://www.w3.org/2001/XMLSchema-instance" xsi:noNamespaceSchemaLocation="https://maven.apache.org/surefire/maven-surefire-plugin/xsd/surefire-test-report.xsd" name="com.acarasiov.vmsoft.VendingMachineServiceImplTest" time="0.287" tests="2" errors="2" skipped="0" failures="0">
  <properties>
    <property name="java.specification.version" value="15"/>
    <property name="sun.cpu.isalist" value="amd64"/>
    <property name="sun.jnu.encoding" value="Cp1252"/>
    <property name="java.class.path" value="C:\Users\49157\Desktop\VMS\target\test-classes;C:\Users\49157\Desktop\VMS\target\classes;C:\Users\49157\.m2\repository\junit\junit\4.11\junit-4.11.jar;C:\Users\49157\.m2\repository\org\hamcrest\hamcrest-core\1.3\hamcrest-core-1.3.jar;C:\Users\49157\.m2\repository\com\fasterxml\jackson\core\jackson-databind\2.6.3\jackson-databind-2.6.3.jar;C:\Users\49157\.m2\repository\com\fasterxml\jackson\core\jackson-annotations\2.6.0\jackson-annotations-2.6.0.jar;C:\Users\49157\.m2\repository\com\fasterxml\jackson\core\jackson-core\2.6.3\jackson-core-2.6.3.jar;C:\Users\49157\.m2\repository\org\springframework\spring-context\5.3.6\spring-context-5.3.6.jar;C:\Users\49157\.m2\repository\org\springframework\spring-expression\5.3.6\spring-expression-5.3.6.jar;C:\Users\49157\.m2\repository\org\springframework\spring-core\5.3.6\spring-core-5.3.6.jar;C:\Users\49157\.m2\repository\org\springframework\spring-jcl\5.3.6\spring-jcl-5.3.6.jar;C:\Users\49157\.m2\repository\org\springframework\spring-beans\5.3.6\spring-beans-5.3.6.jar;C:\Users\49157\.m2\repository\org\springframework\spring-web\5.3.6\spring-web-5.3.6.jar;C:\Users\49157\.m2\repository\org\springframework\spring-webmvc\5.3.6\spring-webmvc-5.3.6.jar;C:\Users\49157\.m2\repository\org\springframework\spring-jdbc\5.3.6\spring-jdbc-5.3.6.jar;C:\Users\49157\.m2\repository\org\springframework\spring-tx\5.3.6\spring-tx-5.3.6.jar;C:\Users\49157\.m2\repository\org\springframework\spring-aop\5.3.6\spring-aop-5.3.6.jar;C:\Users\49157\.m2\repository\org\springframework\spring-test\5.3.6\spring-test-5.3.6.jar;C:\Users\49157\.m2\repository\org\aspectj\aspectjtools\1.8.7\aspectjtools-1.8.7.jar;C:\Users\49157\.m2\repository\org\apache\commons\commons-dbcp2\2.1.1\commons-dbcp2-2.1.1.jar;C:\Users\49157\.m2\repository\org\apache\commons\commons-pool2\2.4.2\commons-pool2-2.4.2.jar;C:\Users\49157\.m2\repository\commons-logging\commons-logging\1.2\commons-logging-1.2.jar;C:\Users\49157\.m2\repository\mysql\mysql-connector-java\8.0.13\mysql-connector-java-8.0.13.jar;C:\Users\49157\.m2\repository\com\google\protobuf\protobuf-java\3.6.1\protobuf-java-3.6.1.jar;C:\Users\49157\.m2\repository\javax\inject\javax.inject\1\javax.inject-1.jar;C:\Users\49157\.m2\repository\org\hibernate\hibernate-validator\5.2.2.Final\hibernate-validator-5.2.2.Final.jar;C:\Users\49157\.m2\repository\javax\validation\validation-api\1.1.0.Final\validation-api-1.1.0.Final.jar;C:\Users\49157\.m2\repository\org\jboss\logging\jboss-logging\3.2.1.Final\jboss-logging-3.2.1.Final.jar;C:\Users\49157\.m2\repository\com\fasterxml\classmate\1.1.0\classmate-1.1.0.jar;C:\Users\49157\.m2\repository\javax\servlet\jsp\jsp-api\2.2\jsp-api-2.2.jar;C:\Users\49157\.m2\repository\javax\servlet\jstl\1.2\jstl-1.2.jar;C:\Users\49157\.m2\repository\javax\servlet\javax.servlet-api\4.0.1\javax.servlet-api-4.0.1.jar;"/>
    <property name="java.vm.vendor" value="Oracle Corporation"/>
    <property name="sun.arch.data.model" value="64"/>
    <property name="user.variant" value=""/>
    <property name="java.vendor.url" value="https://java.oracle.com/"/>
    <property name="user.timezone" value="Europe/Berlin"/>
    <property name="os.name" value="Windows 10"/>
    <property name="java.vm.specification.version" value="15"/>
    <property name="sun.java.launcher" value="SUN_STANDARD"/>
    <property name="user.country" value="DE"/>
    <property name="sun.boot.library.path" value="C:\Program Files\Java\jdk-15.0.2\bin"/>
    <property name="sun.java.command" value="C:\Users\49157\AppData\Local\Temp\surefire9198710801352284389\surefirebooter309438407101979967.jar C:\Users\49157\AppData\Local\Temp\surefire9198710801352284389 2021-06-09T21-25-26_074-jvmRun1 surefire11701712292252555360tmp surefire_0904122249817024631tmp"/>
    <property name="jdk.debug" value="release"/>
    <property name="surefire.test.class.path" value="C:\Users\49157\Desktop\VMS\target\test-classes;C:\Users\49157\Desktop\VMS\target\classes;C:\Users\49157\.m2\repository\junit\junit\4.11\junit-4.11.jar;C:\Users\49157\.m2\repository\org\hamcrest\hamcrest-core\1.3\hamcrest-core-1.3.jar;C:\Users\49157\.m2\repository\com\fasterxml\jackson\core\jackson-databind\2.6.3\jackson-databind-2.6.3.jar;C:\Users\49157\.m2\repository\com\fasterxml\jackson\core\jackson-annotations\2.6.0\jackson-annotations-2.6.0.jar;C:\Users\49157\.m2\repository\com\fasterxml\jackson\core\jackson-core\2.6.3\jackson-core-2.6.3.jar;C:\Users\49157\.m2\repository\org\springframework\spring-context\5.3.6\spring-context-5.3.6.jar;C:\Users\49157\.m2\repository\org\springframework\spring-expression\5.3.6\spring-expression-5.3.6.jar;C:\Users\49157\.m2\repository\org\springframework\spring-core\5.3.6\spring-core-5.3.6.jar;C:\Users\49157\.m2\repository\org\springframework\spring-jcl\5.3.6\spring-jcl-5.3.6.jar;C:\Users\49157\.m2\repository\org\springframework\spring-beans\5.3.6\spring-beans-5.3.6.jar;C:\Users\49157\.m2\repository\org\springframework\spring-web\5.3.6\spring-web-5.3.6.jar;C:\Users\49157\.m2\repository\org\springframework\spring-webmvc\5.3.6\spring-webmvc-5.3.6.jar;C:\Users\49157\.m2\repository\org\springframework\spring-jdbc\5.3.6\spring-jdbc-5.3.6.jar;C:\Users\49157\.m2\repository\org\springframework\spring-tx\5.3.6\spring-tx-5.3.6.jar;C:\Users\49157\.m2\repository\org\springframework\spring-aop\5.3.6\spring-aop-5.3.6.jar;C:\Users\49157\.m2\repository\org\springframework\spring-test\5.3.6\spring-test-5.3.6.jar;C:\Users\49157\.m2\repository\org\aspectj\aspectjtools\1.8.7\aspectjtools-1.8.7.jar;C:\Users\49157\.m2\repository\org\apache\commons\commons-dbcp2\2.1.1\commons-dbcp2-2.1.1.jar;C:\Users\49157\.m2\repository\org\apache\commons\commons-pool2\2.4.2\commons-pool2-2.4.2.jar;C:\Users\49157\.m2\repository\commons-logging\commons-logging\1.2\commons-logging-1.2.jar;C:\Users\49157\.m2\repository\mysql\mysql-connector-java\8.0.13\mysql-connector-java-8.0.13.jar;C:\Users\49157\.m2\repository\com\google\protobuf\protobuf-java\3.6.1\protobuf-java-3.6.1.jar;C:\Users\49157\.m2\repository\javax\inject\javax.inject\1\javax.inject-1.jar;C:\Users\49157\.m2\repository\org\hibernate\hibernate-validator\5.2.2.Final\hibernate-validator-5.2.2.Final.jar;C:\Users\49157\.m2\repository\javax\validation\validation-api\1.1.0.Final\validation-api-1.1.0.Final.jar;C:\Users\49157\.m2\repository\org\jboss\logging\jboss-logging\3.2.1.Final\jboss-logging-3.2.1.Final.jar;C:\Users\49157\.m2\repository\com\fasterxml\classmate\1.1.0\classmate-1.1.0.jar;C:\Users\49157\.m2\repository\javax\servlet\jsp\jsp-api\2.2\jsp-api-2.2.jar;C:\Users\49157\.m2\repository\javax\servlet\jstl\1.2\jstl-1.2.jar;C:\Users\49157\.m2\repository\javax\servlet\javax.servlet-api\4.0.1\javax.servlet-api-4.0.1.jar;"/>
    <property name="sun.cpu.endian" value="little"/>
    <property name="user.home" value="C:\Users\49157"/>
    <property name="user.language" value="de"/>
    <property name="java.specification.vendor" value="Oracle Corporation"/>
    <property name="java.version.date" value="2021-01-19"/>
    <property name="java.home" value="C:\Program Files\Java\jdk-15.0.2"/>
    <property name="file.separator" value="\"/>
    <property name="basedir" value="C:\Users\49157\Desktop\VMS"/>
    <property name="java.vm.compressedOopsMode" value="Zero based"/>
    <property name="line.separator" value="&#10;"/>
    <property name="java.vm.specification.vendor" value="Oracle Corporation"/>
    <property name="java.specification.name" value="Java Platform API Specification"/>
    <property name="surefire.real.class.path" value="C:\Users\49157\AppData\Local\Temp\surefire9198710801352284389\surefirebooter309438407101979967.jar"/>
    <property name="user.script" value=""/>
    <property name="sun.management.compiler" value="HotSpot 64-Bit Tiered Compilers"/>
    <property name="java.runtime.version" value="15.0.2+7-27"/>
    <property name="user.name" value="49157"/>
    <property name="path.separator" value=";"/>
    <property name="os.version" value="10.0"/>
    <property name="java.runtime.name" value="Java(TM) SE Runtime Environment"/>
    <property name="file.encoding" value="Cp1252"/>
    <property name="java.vm.name" value="Java HotSpot(TM) 64-Bit Server VM"/>
    <property name="localRepository" value="C:\Users\49157\.m2\repository"/>
    <property name="java.vendor.url.bug" value="https://bugreport.java.com/bugreport/"/>
    <property name="java.io.tmpdir" value="C:\Users\49157\AppData\Local\Temp\"/>
    <property name="idea.version" value="2021.1"/>
    <property name="java.version" value="15.0.2"/>
    <property name="user.dir" value="C:\Users\49157\Desktop\VMS"/>
    <property name="os.arch" value="amd64"/>
    <property name="java.vm.specification.name" value="Java Virtual Machine Specification"/>
    <property name="sun.os.patch.level" value=""/>
    <property name="java.library.path" value="C:\Program Files\Java\jdk-15.0.2\bin;C:\windows\Sun\Java\bin;C:\windows\system32;C:\windows;C:\Program Files\Common Files\Oracle\Java\javapath;C:\windows\system32;C:\windows;C:\windows\System32\Wbem;C:\windows\System32\WindowsPowerShell\v1.0\;C:\windows\System32\OpenSSH\;C:\Program Files (x86)\NVIDIA Corporation\PhysX\Common;C:\Program Files\NVIDIA Corporation\NVIDIA NvDLISR;C:\Program Files\Git\cmd;C:\Program Files\Apache Software Foundation\apache-maven-3.6.3\bin;C:\Program Files\Java\jdk-15.0.2\bin;C:\Program Files\MySQL\MySQL Shell 8.0\bin\;C:\Users\49157\AppData\Local\Microsoft\WindowsApps;C:\Program Files\JetBrains\IntelliJ IDEA 2020.3.1\bin;;C:\Program Files\Java\jdk-15.0.2\bin;;."/>
    <property name="java.vm.info" value="mixed mode, sharing"/>
    <property name="java.vendor" value="Oracle Corporation"/>
    <property name="java.vm.version" value="15.0.2+7-27"/>
    <property name="sun.io.unicode.encoding" value="UnicodeLittle"/>
    <property name="java.class.version" value="59.0"/>
  </properties>
  <testcase name="testAllItems" classname="com.acarasiov.vmsoft.VendingMachineServiceImplTest" time="0.004">
    <error message="Cannot find class [com.sg.vendingmachinespringmvc.dao.VendingMachineDaoInMemImpl] for bean with name &apos;vendingMachineDao&apos; defined in class path resource [test-applicationContext.xml]; nested exception is java.lang.ClassNotFoundException: com.sg.vendingmachinespringmvc.dao.VendingMachineDaoInMemImpl" type="org.springframework.beans.factory.CannotLoadBeanClassException"><![CDATA[org.springframework.beans.factory.CannotLoadBeanClassException: Cannot find class [com.sg.vendingmachinespringmvc.dao.VendingMachineDaoInMemImpl] for bean with name 'vendingMachineDao' defined in class path resource [test-applicationContext.xml]; nested exception is java.lang.ClassNotFoundException: com.sg.vendingmachinespringmvc.dao.VendingMachineDaoInMemImpl
	at com.acarasiov.vmsoft.VendingMachineServiceImplTest.<init>(VendingMachineServiceImplTest.java:33)
Caused by: java.lang.ClassNotFoundException: com.sg.vendingmachinespringmvc.dao.VendingMachineDaoInMemImpl
	at com.acarasiov.vmsoft.VendingMachineServiceImplTest.<init>(VendingMachineServiceImplTest.java:33)
]]></error>
    <system-err><![CDATA[Juni 09, 2021 9:25:26 PM org.springframework.context.support.AbstractApplicationContext refresh
WARNING: Exception encountered during context initialization - cancelling refresh attempt: org.springframework.beans.factory.CannotLoadBeanClassException: Cannot find class [com.sg.vendingmachinespringmvc.dao.VendingMachineDaoInMemImpl] for bean with name 'vendingMachineDao' defined in class path resource [test-applicationContext.xml]; nested exception is java.lang.ClassNotFoundException: com.sg.vendingmachinespringmvc.dao.VendingMachineDaoInMemImpl
]]></system-err>
  </testcase>
  <testcase name="testGetItemById" classname="com.acarasiov.vmsoft.VendingMachineServiceImplTest" time="0">
    <error message="Cannot find class [com.sg.vendingmachinespringmvc.dao.VendingMachineDaoInMemImpl] for bean with name &apos;vendingMachineDao&apos; defined in class path resource [test-applicationContext.xml]; nested exception is java.lang.ClassNotFoundException: com.sg.vendingmachinespringmvc.dao.VendingMachineDaoInMemImpl" type="org.springframework.beans.factory.CannotLoadBeanClassException"><![CDATA[org.springframework.beans.factory.CannotLoadBeanClassException: Cannot find class [com.sg.vendingmachinespringmvc.dao.VendingMachineDaoInMemImpl] for bean with name 'vendingMachineDao' defined in class path resource [test-applicationContext.xml]; nested exception is java.lang.ClassNotFoundException: com.sg.vendingmachinespringmvc.dao.VendingMachineDaoInMemImpl
	at com.acarasiov.vmsoft.VendingMachineServiceImplTest.<init>(VendingMachineServiceImplTest.java:33)
Caused by: java.lang.ClassNotFoundException: com.sg.vendingmachinespringmvc.dao.VendingMachineDaoInMemImpl
	at com.acarasiov.vmsoft.VendingMachineServiceImplTest.<init>(VendingMachineServiceImplTest.java:33)
]]></error>
    <system-err><![CDATA[Juni 09, 2021 9:25:26 PM org.springframework.context.support.AbstractApplicationContext refresh
WARNING: Exception encountered during context initialization - cancelling refresh attempt: org.springframework.beans.factory.CannotLoadBeanClassException: Cannot find class [com.sg.vendingmachinespringmvc.dao.VendingMachineDaoInMemImpl] for bean with name 'vendingMachineDao' defined in class path resource [test-applicationContext.xml]; nested exception is java.lang.ClassNotFoundException: com.sg.vendingmachinespringmvc.dao.VendingMachineDaoInMemImpl
]]></system-err>
  </testcase>
</testsuite>